<?xml version="1.0" encoding="UTF-8"?>
<coverage generated="1695665117184" clover="3.2.0">
  <project timestamp="1695665117185" name="All files">
    <metrics statements="20" coveredstatements="20" conditionals="26" coveredconditionals="26" methods="5" coveredmethods="5" elements="51" coveredelements="51" complexity="0" loc="20" ncloc="20" packages="1" files="1" classes="1"/>
    <file name="ride_calculator.ts" path="/home/leoca/rodrigobranas/01_refactoring/src/ride_calculator.ts">
      <metrics statements="20" coveredstatements="20" conditionals="26" coveredconditionals="26" methods="5" coveredmethods="5"/>
      <line num="3" count="28" type="cond" truecount="2" falsecount="0"/>
      <line num="7" count="14" type="stmt"/>
      <line num="11" count="9" type="cond" truecount="4" falsecount="0"/>
      <line num="15" count="8" type="cond" truecount="4" falsecount="0"/>
      <line num="18" count="1" type="stmt"/>
      <line num="19" count="8" type="stmt"/>
      <line num="20" count="8" type="stmt"/>
      <line num="21" count="9" type="stmt"/>
      <line num="22" count="9" type="cond" truecount="1" falsecount="0"/>
      <line num="23" count="8" type="cond" truecount="1" falsecount="0"/>
      <line num="24" count="7" type="cond" truecount="3" falsecount="0"/>
      <line num="25" count="1" type="stmt"/>
      <line num="27" count="7" type="cond" truecount="3" falsecount="0"/>
      <line num="28" count="1" type="stmt"/>
      <line num="30" count="7" type="cond" truecount="3" falsecount="0"/>
      <line num="31" count="1" type="stmt"/>
      <line num="33" count="7" type="cond" truecount="3" falsecount="0"/>
      <line num="34" count="4" type="stmt"/>
      <line num="37" count="6" type="cond" truecount="2" falsecount="0"/>
      <line num="38" count="6" type="stmt"/>
    </file>
  </project>
</coverage>
