{"/home/leoca/rodrigobranas/01_refactoring/src/ride_calculator.ts": {"path":"/home/leoca/rodrigobranas/01_refactoring/src/ride_calculator.ts","statementMap":{"0":{"start":{"line":3,"column":2},"end":{"line":3,"column":null}},"1":{"start":{"line":7,"column":2},"end":{"line":7,"column":37}},"2":{"start":{"line":11,"column":2},"end":{"line":11,"column":131}},"3":{"start":{"line":15,"column":2},"end":{"line":15,"column":137}},"4":{"start":{"line":19,"column":14},"end":{"line":19,"column":15}},"5":{"start":{"line":20,"column":1},"end":{"line":36,"column":null}},"6":{"start":{"line":21,"column":4},"end":{"line":21,"column":42}},"7":{"start":{"line":22,"column":2},"end":{"line":22,"column":43}},"8":{"start":{"line":22,"column":33},"end":{"line":22,"column":43}},"9":{"start":{"line":23,"column":2},"end":{"line":23,"column":39}},"10":{"start":{"line":23,"column":29},"end":{"line":23,"column":39}},"11":{"start":{"line":24,"column":4},"end":{"line":26,"column":null}},"12":{"start":{"line":25,"column":6},"end":{"line":25,"column":39}},"13":{"start":{"line":27,"column":4},"end":{"line":29,"column":null}},"14":{"start":{"line":28,"column":6},"end":{"line":28,"column":36}},"15":{"start":{"line":30,"column":4},"end":{"line":32,"column":null}},"16":{"start":{"line":31,"column":6},"end":{"line":31,"column":38}},"17":{"start":{"line":33,"column":4},"end":{"line":35,"column":null}},"18":{"start":{"line":34,"column":6},"end":{"line":34,"column":39}},"19":{"start":{"line":37,"column":2},"end":{"line":37,"column":36}},"20":{"start":{"line":38,"column":2},"end":{"line":38,"column":15}},"21":{"start":{"line":18,"column":0},"end":{"line":18,"column":16}}},"fnMap":{"0":{"name":"isOvernight","decl":{"start":{"line":2,"column":9},"end":{"line":2,"column":20}},"loc":{"start":{"line":2,"column":28},"end":{"line":4,"column":1}}},"1":{"name":"isSunday","decl":{"start":{"line":6,"column":9},"end":{"line":6,"column":17}},"loc":{"start":{"line":6,"column":25},"end":{"line":8,"column":1}}},"2":{"name":"isValidDistance","decl":{"start":{"line":10,"column":9},"end":{"line":10,"column":24}},"loc":{"start":{"line":10,"column":32},"end":{"line":12,"column":1}}},"3":{"name":"isValidDate","decl":{"start":{"line":14,"column":9},"end":{"line":14,"column":20}},"loc":{"start":{"line":14,"column":28},"end":{"line":16,"column":1}}},"4":{"name":"calculate","decl":{"start":{"line":18,"column":16},"end":{"line":18,"column":25}},"loc":{"start":{"line":18,"column":35},"end":{"line":39,"column":1}}}},"branchMap":{"0":{"loc":{"start":{"line":3,"column":9},"end":{"line":3,"column":70}},"type":"binary-expr","locations":[{"start":{"line":3,"column":9},"end":{"line":3,"column":38}},{"start":{"line":3,"column":42},"end":{"line":3,"column":70}}]},"1":{"loc":{"start":{"line":11,"column":9},"end":{"line":11,"column":130}},"type":"binary-expr","locations":[{"start":{"line":11,"column":9},"end":{"line":11,"column":33}},{"start":{"line":11,"column":37},"end":{"line":11,"column":66}},{"start":{"line":11,"column":70},"end":{"line":11,"column":106}},{"start":{"line":11,"column":110},"end":{"line":11,"column":130}}]},"2":{"loc":{"start":{"line":15,"column":9},"end":{"line":15,"column":136}},"type":"binary-expr","locations":[{"start":{"line":15,"column":9},"end":{"line":15,"column":29}},{"start":{"line":15,"column":33},"end":{"line":15,"column":58}},{"start":{"line":15,"column":62},"end":{"line":15,"column":90}},{"start":{"line":15,"column":94},"end":{"line":15,"column":136}}]},"3":{"loc":{"start":{"line":22,"column":2},"end":{"line":22,"column":43}},"type":"if","locations":[{"start":{"line":22,"column":2},"end":{"line":22,"column":43}}]},"4":{"loc":{"start":{"line":23,"column":2},"end":{"line":23,"column":39}},"type":"if","locations":[{"start":{"line":23,"column":2},"end":{"line":23,"column":39}}]},"5":{"loc":{"start":{"line":24,"column":4},"end":{"line":26,"column":null}},"type":"if","locations":[{"start":{"line":24,"column":4},"end":{"line":26,"column":null}}]},"6":{"loc":{"start":{"line":24,"column":8},"end":{"line":24,"column":50}},"type":"binary-expr","locations":[{"start":{"line":24,"column":8},"end":{"line":24,"column":28}},{"start":{"line":24,"column":32},"end":{"line":24,"column":50}}]},"7":{"loc":{"start":{"line":27,"column":4},"end":{"line":29,"column":null}},"type":"if","locations":[{"start":{"line":27,"column":4},"end":{"line":29,"column":null}}]},"8":{"loc":{"start":{"line":27,"column":8},"end":{"line":27,"column":49}},"type":"binary-expr","locations":[{"start":{"line":27,"column":8},"end":{"line":27,"column":28}},{"start":{"line":27,"column":32},"end":{"line":27,"column":49}}]},"9":{"loc":{"start":{"line":30,"column":4},"end":{"line":32,"column":null}},"type":"if","locations":[{"start":{"line":30,"column":4},"end":{"line":32,"column":null}}]},"10":{"loc":{"start":{"line":30,"column":8},"end":{"line":30,"column":50}},"type":"binary-expr","locations":[{"start":{"line":30,"column":8},"end":{"line":30,"column":29}},{"start":{"line":30,"column":33},"end":{"line":30,"column":50}}]},"11":{"loc":{"start":{"line":33,"column":4},"end":{"line":35,"column":null}},"type":"if","locations":[{"start":{"line":33,"column":4},"end":{"line":35,"column":null}}]},"12":{"loc":{"start":{"line":33,"column":8},"end":{"line":33,"column":51}},"type":"binary-expr","locations":[{"start":{"line":33,"column":8},"end":{"line":33,"column":29}},{"start":{"line":33,"column":33},"end":{"line":33,"column":51}}]},"13":{"loc":{"start":{"line":37,"column":10},"end":{"line":37,"column":35}},"type":"cond-expr","locations":[{"start":{"line":37,"column":25},"end":{"line":37,"column":27}},{"start":{"line":37,"column":30},"end":{"line":37,"column":35}}]}},"s":{"0":28,"1":14,"2":9,"3":8,"4":8,"5":8,"6":9,"7":9,"8":1,"9":8,"10":1,"11":7,"12":1,"13":7,"14":1,"15":7,"16":1,"17":7,"18":4,"19":6,"20":6,"21":1},"f":{"0":28,"1":14,"2":9,"3":8,"4":8},"b":{"0":[28,20],"1":[9,9,9,9],"2":[8,8,8,8],"3":[1],"4":[1],"5":[1],"6":[7,2],"7":[1],"8":[7,2],"9":[1],"10":[7,5],"11":[4],"12":[7,5],"13":[1,5]}}
}
