{"/home/leoca/rodrigobranas/01_refactoring/src/cpf.ts": {"path":"/home/leoca/rodrigobranas/01_refactoring/src/cpf.ts","statementMap":{"0":{"start":{"line":4,"column":4},"end":{"line":4,"column":64}},"1":{"start":{"line":4,"column":33},"end":{"line":4,"column":64}},"2":{"start":{"line":5,"column":4},"end":{"line":5,"column":23}},"3":{"start":{"line":9,"column":4},"end":{"line":9,"column":26}},"4":{"start":{"line":10,"column":4},"end":{"line":10,"column":46}},"5":{"start":{"line":10,"column":33},"end":{"line":10,"column":46}},"6":{"start":{"line":11,"column":4},"end":{"line":11,"column":50}},"7":{"start":{"line":11,"column":37},"end":{"line":11,"column":50}},"8":{"start":{"line":12,"column":16},"end":{"line":12,"column":44}},"9":{"start":{"line":13,"column":16},"end":{"line":13,"column":44}},"10":{"start":{"line":14,"column":4},"end":{"line":14,"column":57}},"11":{"start":{"line":18,"column":4},"end":{"line":18,"column":33}},"12":{"start":{"line":22,"column":4},"end":{"line":22,"column":29}},"13":{"start":{"line":26,"column":25},"end":{"line":26,"column":28}},"14":{"start":{"line":27,"column":4},"end":{"line":27,"column":57}},"15":{"start":{"line":27,"column":35},"end":{"line":27,"column":55}},"16":{"start":{"line":31,"column":16},"end":{"line":31,"column":17}},"17":{"start":{"line":32,"column":4},"end":{"line":34,"column":null}},"18":{"start":{"line":33,"column":6},"end":{"line":33,"column":58}},"19":{"start":{"line":33,"column":22},"end":{"line":33,"column":58}},"20":{"start":{"line":35,"column":17},"end":{"line":35,"column":25}},"21":{"start":{"line":36,"column":4},"end":{"line":36,"column":38}},"22":{"start":{"line":40,"column":4},"end":{"line":40,"column":24}},"23":{"start":{"line":1,"column":0},"end":{"line":1,"column":21}}},"fnMap":{"0":{"name":"(anonymous_0)","decl":{"start":{"line":3,"column":2},"end":{"line":3,"column":14}},"loc":{"start":{"line":3,"column":27},"end":{"line":6,"column":3}}},"1":{"name":"(anonymous_1)","decl":{"start":{"line":8,"column":10},"end":{"line":8,"column":21}},"loc":{"start":{"line":8,"column":34},"end":{"line":15,"column":3}}},"2":{"name":"(anonymous_2)","decl":{"start":{"line":17,"column":10},"end":{"line":17,"column":15}},"loc":{"start":{"line":17,"column":27},"end":{"line":19,"column":3}}},"3":{"name":"(anonymous_3)","decl":{"start":{"line":21,"column":10},"end":{"line":21,"column":23}},"loc":{"start":{"line":21,"column":35},"end":{"line":23,"column":3}}},"4":{"name":"(anonymous_4)","decl":{"start":{"line":25,"column":10},"end":{"line":25,"column":27}},"loc":{"start":{"line":25,"column":39},"end":{"line":28,"column":3}}},"5":{"name":"(anonymous_5)","decl":{"start":{"line":27,"column":26},"end":{"line":27,"column":31}},"loc":{"start":{"line":27,"column":35},"end":{"line":27,"column":55}}},"6":{"name":"(anonymous_6)","decl":{"start":{"line":30,"column":10},"end":{"line":30,"column":24}},"loc":{"start":{"line":30,"column":52},"end":{"line":37,"column":3}}},"7":{"name":"(anonymous_7)","decl":{"start":{"line":39,"column":10},"end":{"line":39,"column":27}},"loc":{"start":{"line":39,"column":39},"end":{"line":41,"column":3}}}},"branchMap":{"0":{"loc":{"start":{"line":4,"column":4},"end":{"line":4,"column":64}},"type":"if","locations":[{"start":{"line":4,"column":4},"end":{"line":4,"column":64}}]},"1":{"loc":{"start":{"line":10,"column":4},"end":{"line":10,"column":46}},"type":"if","locations":[{"start":{"line":10,"column":4},"end":{"line":10,"column":46}}]},"2":{"loc":{"start":{"line":11,"column":4},"end":{"line":11,"column":50}},"type":"if","locations":[{"start":{"line":11,"column":4},"end":{"line":11,"column":50}}]},"3":{"loc":{"start":{"line":33,"column":6},"end":{"line":33,"column":58}},"type":"if","locations":[{"start":{"line":33,"column":6},"end":{"line":33,"column":58}}]},"4":{"loc":{"start":{"line":36,"column":11},"end":{"line":36,"column":37}},"type":"cond-expr","locations":[{"start":{"line":36,"column":24},"end":{"line":36,"column":25}},{"start":{"line":36,"column":28},"end":{"line":36,"column":37}}]}},"s":{"0":7,"1":4,"2":3,"3":7,"4":7,"5":2,"6":5,"7":1,"8":4,"9":4,"10":4,"11":7,"12":7,"13":5,"14":5,"15":19,"16":8,"17":8,"18":88,"19":76,"20":8,"21":8,"22":4,"23":1},"f":{"0":7,"1":7,"2":7,"3":7,"4":5,"5":19,"6":8,"7":4},"b":{"0":[4],"1":[2],"2":[1],"3":[76],"4":[2,6]}}
}
