TN:
SF:src/cpf.ts
FN:3,(anonymous_0)
FN:8,(anonymous_1)
FN:17,(anonymous_2)
FN:21,(anonymous_3)
FN:25,(anonymous_4)
FN:27,(anonymous_5)
FN:30,(anonymous_6)
FN:39,(anonymous_7)
FNF:8
FNH:8
FNDA:7,(anonymous_0)
FNDA:7,(anonymous_1)
FNDA:7,(anonymous_2)
FNDA:7,(anonymous_3)
FNDA:5,(anonymous_4)
FNDA:19,(anonymous_5)
FNDA:8,(anonymous_6)
FNDA:4,(anonymous_7)
DA:1,1
DA:4,7
DA:5,3
DA:9,7
DA:10,7
DA:11,5
DA:12,4
DA:13,4
DA:14,4
DA:18,7
DA:22,7
DA:26,5
DA:27,19
DA:31,8
DA:32,8
DA:33,88
DA:35,8
DA:36,8
DA:40,4
LF:19
LH:19
BRDA:4,0,0,4
BRDA:10,1,0,2
BRDA:11,2,0,1
BRDA:33,3,0,76
BRDA:36,4,0,2
BRDA:36,4,1,6
BRF:6
BRH:6
end_of_record
