TN:
SF:src/ride_calculator.ts
FN:2,isOvernight
FN:6,isSunday
FN:10,isValidDistance
FN:14,isValidDate
FN:18,calculate
FNF:5
FNH:5
FNDA:28,isOvernight
FNDA:14,isSunday
FNDA:9,isValidDistance
FNDA:8,isValidDate
FNDA:8,calculate
DA:3,28
DA:7,14
DA:11,9
DA:15,8
DA:18,1
DA:19,8
DA:20,8
DA:21,9
DA:22,9
DA:23,8
DA:24,7
DA:25,1
DA:27,7
DA:28,1
DA:30,7
DA:31,1
DA:33,7
DA:34,4
DA:37,6
DA:38,6
LF:20
LH:20
BRDA:3,0,0,28
BRDA:3,0,1,20
BRDA:11,1,0,9
BRDA:11,1,1,9
BRDA:11,1,2,9
BRDA:11,1,3,9
BRDA:15,2,0,8
BRDA:15,2,1,8
BRDA:15,2,2,8
BRDA:15,2,3,8
BRDA:22,3,0,1
BRDA:23,4,0,1
BRDA:24,5,0,1
BRDA:24,6,0,7
BRDA:24,6,1,2
BRDA:27,7,0,1
BRDA:27,8,0,7
BRDA:27,8,1,2
BRDA:30,9,0,1
BRDA:30,10,0,7
BRDA:30,10,1,5
BRDA:33,11,0,4
BRDA:33,12,0,7
BRDA:33,12,1,5
BRDA:37,13,0,1
BRDA:37,13,1,5
BRF:26
BRH:26
end_of_record
